<?xml version="1.0" encoding="UTF-8"?>
<testng-results skipped="0" failed="0" total="1" passed="1">
  <reporter-output>
  </reporter-output>
  <suite name="Jenkins testing suite" duration-ms="23280" started-at="2016-09-24T16:27:58Z" finished-at="2016-09-24T16:28:22Z">
    <groups>
    </groups>
    <test name="Jenkins test" duration-ms="23280" started-at="2016-09-24T16:27:58Z" finished-at="2016-09-24T16:28:22Z">
      <class name="scripts.launchGoogle">
        <test-method status="PASS" signature="openingBrowserWithGoogleWebsite()[pri:0, instance:scripts.launchGoogle@42f30e0a]" name="openingBrowserWithGoogleWebsite" duration-ms="23269" started-at="2016-09-24T21:57:58Z" finished-at="2016-09-24T21:58:22Z">
          <reporter-output>
          </reporter-output>
        </test-method> <!-- openingBrowserWithGoogleWebsite -->
      </class> <!-- scripts.launchGoogle -->
    </test> <!-- Jenkins test -->
  </suite> <!-- Jenkins testing suite -->
</testng-results>
